
> medicare-frontend@1.0.0 dev
> vite


  VITE v5.4.21  ready in 585 ms

  ➜  Local:   http://localhost:3000/
  ➜  Network: use --host to expose
5:17:03 PM [vite] http proxy error: /api/patients/1/appointments
AggregateError [ECONNREFUSED]:
    at internalConnectMultiple (node:net:1134:18)
    at afterConnectMultiple (node:net:1715:7)
5:17:03 PM [vite] http proxy error: /api/patients/1/records
AggregateError [ECONNREFUSED]:
    at internalConnectMultiple (node:net:1134:18)
    at afterConnectMultiple (node:net:1715:7)
5:17:03 PM [vite] http proxy error: /api/patients/1/appointments
AggregateError [ECONNREFUSED]:
    at internalConnectMultiple (node:net:1134:18)
    at afterConnectMultiple (node:net:1715:7)
5:17:03 PM [vite] http proxy error: /api/patients/1/records
AggregateError [ECONNREFUSED]:
    at internalConnectMultiple (node:net:1134:18)
    at afterConnectMultiple (node:net:1715:7)
5:18:16 PM [vite] http proxy error: /api/patients/1/appointments
AggregateError [ECONNREFUSED]:
    at internalConnectMultiple (node:net:1134:18)
    at afterConnectMultiple (node:net:1715:7)
5:18:16 PM [vite] http proxy error: /api/patients/1/records
AggregateError [ECONNREFUSED]:
    at internalConnectMultiple (node:net:1134:18)
    at afterConnectMultiple (node:net:1715:7)
5:18:16 PM [vite] http proxy error: /api/patients/1/appointments
AggregateError [ECONNREFUSED]:
    at internalConnectMultiple (node:net:1134:18)
    at afterConnectMultiple (node:net:1715:7)
5:18:16 PM [vite] http proxy error: /api/patients/1/records
AggregateError [ECONNREFUSED]:
    at internalConnectMultiple (node:net:1134:18)
    at afterConnectMultiple (node:net:1715:7)
5:19:55 PM [vite] http proxy error: /api/patients/1/appointments
AggregateError [ECONNREFUSED]:
    at internalConnectMultiple (node:net:1134:18)
    at afterConnectMultiple (node:net:1715:7)
5:19:55 PM [vite] http proxy error: /api/patients/1/records
AggregateError [ECONNREFUSED]:
    at internalConnectMultiple (node:net:1134:18)
    at afterConnectMultiple (node:net:1715:7)
5:19:55 PM [vite] http proxy error: /api/patients/1/appointments
AggregateError [ECONNREFUSED]:
    at internalConnectMultiple (node:net:1134:18)
    at afterConnectMultiple (node:net:1715:7)
5:19:55 PM [vite] http proxy error: /api/patients/1/records
AggregateError [ECONNREFUSED]:
    at internalConnectMultiple (node:net:1134:18)
    at afterConnectMultiple (node:net:1715:7)
